<?xml version="1.0" encoding="UTF-8"?>
<testsuite name="com.quntity.LengthTest" tests="3" skipped="0" failures="0" errors="0" timestamp="2019-09-27T06:00:26" hostname="SUNILs-MacBook-Pro.local" time="0.009">
  <properties/>
  <testcase name="givenOneFeetAndTw0Feet_whenCompare_TheyShouldNotBeEqual()" classname="com.quntity.LengthTest" time="0.007"/>
  <testcase name="givenOneFeetAndOneInch_whenCompare_TheyShouldNotBeEqual()" classname="com.quntity.LengthTest" time="0.001"/>
  <testcase name="givenZeroFeetAndZeroFeet_whenCompare_TheyShouldBeEqual()" classname="com.quntity.LengthTest" time="0.001"/>
  <system-out><![CDATA[]]></system-out>
  <system-err><![CDATA[]]></system-err>
</testsuite>
