<?xml version="1.0" encoding="UTF-8"?>
<testsuite name="com.quntity.test.QuntityTest" tests="1" skipped="0" failures="0" errors="0" timestamp="2019-09-27T04:31:31" hostname="SUNILs-MacBook-Pro.local" time="0.007">
  <properties/>
  <testcase name="givenZerofeetZeroInch_whenCompare_theShouldReturnTrue()" classname="com.quntity.test.QuntityTest" time="0.007"/>
  <system-out><![CDATA[]]></system-out>
  <system-err><![CDATA[]]></system-err>
</testsuite>
